<?xml version="1.0" encoding="UTF-8"?>
<!-- Generated by org.testng.reporters.JUnitXMLReporter -->
<testsuite ignored="4" hostname="anvitha" failures="0" tests="2" name="Test" time="39.216" errors="0" timestamp="2023-04-25T22:05:28 IST">
  <testcase classname="Cart.AddProductToCartTest" name="addProductToCartTest" time="17.35"/>
  <testcase classname="Cart.UpdateProductsInCart" name="UpdateProductsInCartTest" time="17.59"/>
  <testcase classname="GenericUtility.BaseClass" name="@BeforeSuite BS" time="0.0">
    <ignored/>
  </testcase> <!-- @BeforeSuite BS -->
  <testcase classname="GenericUtility.BaseClass" name="@BeforeTest BT" time="0.0">
    <ignored/>
  </testcase> <!-- @BeforeTest BT -->
  <testcase classname="GenericUtility.BaseClass" name="@AfterSuite AS" time="0.0">
    <ignored/>
  </testcase> <!-- @AfterSuite AS -->
  <testcase classname="GenericUtility.BaseClass" name="@AfterTest AT" time="0.0">
    <ignored/>
  </testcase> <!-- @AfterTest AT -->
</testsuite> <!-- Test -->
